{
  "RSpec": {
    "coverage": {
      "/Users/mattenyeart/turing_work/2mod/practice/the_final_rose/spec/features/bachelorettes/contestants/index_spec.rb": {
        "lines": [
          1,
          null,
          1,
          1,
          1,
          1,
          1,
          1,
          1,
          1,
          1,
          null,
          1,
          1,
          null,
          1,
          1,
          1,
          null,
          null,
          1,
          1,
          1,
          1,
          1,
          1,
          null,
          1,
          null,
          1,
          1,
          null,
          1,
          null,
          1,
          null,
          null,
          1,
          1,
          1,
          1,
          1,
          1,
          null,
          1,
          null,
          1,
          1,
          null,
          null,
          null,
          null
        ]
      },
      "/Users/mattenyeart/turing_work/2mod/practice/the_final_rose/config/environment.rb": {
        "lines": [
          null,
          1,
          null,
          null,
          1
        ]
      },
      "/Users/mattenyeart/turing_work/2mod/practice/the_final_rose/config/application.rb": {
        "lines": [
          1,
          null,
          1,
          null,
          null,
          null,
          1,
          null,
          1,
          1,
          null,
          1,
          null,
          null,
          null,
          null,
          null,
          null,
          null
        ]
      },
      "/Users/mattenyeart/turing_work/2mod/practice/the_final_rose/config/boot.rb": {
        "lines": [
          1,
          null,
          1,
          1
        ]
      },
      "/Users/mattenyeart/turing_work/2mod/practice/the_final_rose/config/environments/test.rb": {
        "lines": [
          1,
          null,
          null,
          null,
          null,
          null,
          null,
          1,
          null,
          null,
          null,
          null,
          1,
          null,
          null,
          1,
          1,
          null,
          null,
          null,
          null,
          1,
          1,
          null,
          null,
          1,
          null,
          null,
          1,
          null,
          null,
          1,
          null,
          1,
          null,
          null,
          null,
          null,
          1,
          null,
          null,
          1,
          null,
          null,
          null,
          null
        ]
      },
      "/Users/mattenyeart/turing_work/2mod/practice/the_final_rose/config/initializers/application_controller_renderer.rb": {
        "lines": [
          null,
          null,
          null,
          null,
          null,
          null,
          null,
          null
        ]
      },
      "/Users/mattenyeart/turing_work/2mod/practice/the_final_rose/config/initializers/assets.rb": {
        "lines": [
          null,
          null,
          null,
          1,
          null,
          null,
          null,
          null,
          1,
          null,
          null,
          null,
          null,
          null
        ]
      },
      "/Users/mattenyeart/turing_work/2mod/practice/the_final_rose/config/initializers/backtrace_silencers.rb": {
        "lines": [
          null,
          null,
          null,
          null,
          null,
          null,
          null
        ]
      },
      "/Users/mattenyeart/turing_work/2mod/practice/the_final_rose/config/initializers/content_security_policy.rb": {
        "lines": [
          null,
          null,
          null,
          null,
          null,
          null,
          null,
          null,
          null,
          null,
          null,
          null,
          null,
          null,
          null,
          null,
          null,
          null,
          null,
          null,
          null,
          null,
          null,
          null,
          null
        ]
      },
      "/Users/mattenyeart/turing_work/2mod/practice/the_final_rose/config/initializers/cookies_serializer.rb": {
        "lines": [
          null,
          null,
          null,
          null,
          1
        ]
      },
      "/Users/mattenyeart/turing_work/2mod/practice/the_final_rose/config/initializers/filter_parameter_logging.rb": {
        "lines": [
          null,
          null,
          null,
          1
        ]
      },
      "/Users/mattenyeart/turing_work/2mod/practice/the_final_rose/config/initializers/inflections.rb": {
        "lines": [
          null,
          null,
          null,
          null,
          null,
          null,
          null,
          null,
          null,
          null,
          null,
          null,
          null,
          null,
          null,
          null
        ]
      },
      "/Users/mattenyeart/turing_work/2mod/practice/the_final_rose/config/initializers/mime_types.rb": {
        "lines": [
          null,
          null,
          null,
          null
        ]
      },
      "/Users/mattenyeart/turing_work/2mod/practice/the_final_rose/config/initializers/new_framework_defaults_5_2.rb": {
        "lines": [
          null,
          null,
          null,
          null,
          null,
          null,
          null,
          null,
          null,
          null,
          null,
          null,
          null,
          null,
          null,
          null,
          null,
          null,
          null,
          null,
          null,
          null,
          null,
          null,
          null,
          null,
          null,
          null,
          null,
          null,
          null,
          null,
          null,
          null,
          null,
          null,
          null,
          null
        ]
      },
      "/Users/mattenyeart/turing_work/2mod/practice/the_final_rose/config/initializers/wrap_parameters.rb": {
        "lines": [
          null,
          null,
          null,
          null,
          null,
          null,
          1,
          2,
          null,
          null,
          null,
          null,
          null,
          null
        ]
      },
      "/Users/mattenyeart/turing_work/2mod/practice/the_final_rose/config/routes.rb": {
        "lines": [
          1,
          null,
          null,
          1,
          null,
          1,
          null,
          1,
          null,
          1,
          null,
          null
        ]
      },
      "/Users/mattenyeart/turing_work/2mod/practice/the_final_rose/app/helpers/application_helper.rb": {
        "lines": [
          1,
          null
        ]
      },
      "/Users/mattenyeart/turing_work/2mod/practice/the_final_rose/spec/features/bachelorettes/show_spec.rb": {
        "lines": [
          1,
          null,
          1,
          1,
          1,
          1,
          1,
          null,
          1,
          null,
          1,
          1,
          null,
          null,
          1,
          1,
          1,
          1,
          1,
          1,
          null,
          1,
          1,
          null,
          1,
          1,
          1,
          1,
          null,
          null,
          1,
          1,
          1,
          1,
          1,
          1,
          null,
          1,
          null,
          1,
          null,
          null,
          null,
          null
        ]
      },
      "/Users/mattenyeart/turing_work/2mod/practice/the_final_rose/spec/features/contestants/show_spec.rb": {
        "lines": [
          1,
          null,
          1,
          1,
          1,
          1,
          1,
          1,
          1,
          1,
          1,
          1,
          1,
          1,
          null,
          1,
          1,
          1,
          1,
          1,
          1,
          1,
          null,
          null,
          1,
          1,
          1,
          1,
          1,
          1,
          1,
          1,
          1,
          null,
          1,
          null,
          1,
          1,
          1,
          null,
          1,
          null,
          1,
          null,
          null,
          null,
          null,
          null
        ]
      },
      "/Users/mattenyeart/turing_work/2mod/practice/the_final_rose/spec/features/outings/show_spec.rb": {
        "lines": [
          1,
          null,
          1,
          1,
          1,
          1,
          1,
          1,
          1,
          1,
          1,
          1,
          null,
          1,
          null,
          1,
          1,
          1,
          1,
          1,
          1,
          null,
          null,
          null,
          null
        ]
      },
      "/Users/mattenyeart/turing_work/2mod/practice/the_final_rose/app/models/bachelorette.rb": {
        "lines": [
          1,
          1,
          null
        ]
      },
      "/Users/mattenyeart/turing_work/2mod/practice/the_final_rose/app/models/application_record.rb": {
        "lines": [
          1,
          1,
          null
        ]
      },
      "/Users/mattenyeart/turing_work/2mod/practice/the_final_rose/app/models/contestant.rb": {
        "lines": [
          1,
          1,
          1,
          1,
          null,
          1,
          2,
          null,
          null,
          1,
          4,
          null,
          null,
          1,
          4,
          null,
          null
        ]
      },
      "/Users/mattenyeart/turing_work/2mod/practice/the_final_rose/app/controllers/bachelorettes_controller.rb": {
        "lines": [
          1,
          1,
          4,
          null,
          null
        ]
      },
      "/Users/mattenyeart/turing_work/2mod/practice/the_final_rose/app/controllers/application_controller.rb": {
        "lines": [
          1,
          null
        ]
      },
      "/Users/mattenyeart/turing_work/2mod/practice/the_final_rose/app/controllers/bachelorette_contestants_controller.rb": {
        "lines": [
          1,
          1,
          4,
          null,
          null
        ]
      },
      "/Users/mattenyeart/turing_work/2mod/practice/the_final_rose/app/controllers/contestants_controller.rb": {
        "lines": [
          1,
          1,
          3,
          null,
          null
        ]
      },
      "/Users/mattenyeart/turing_work/2mod/practice/the_final_rose/app/models/contestant_outing.rb": {
        "lines": [
          1,
          1,
          1,
          null,
          null,
          null
        ]
      },
      "/Users/mattenyeart/turing_work/2mod/practice/the_final_rose/app/models/outing.rb": {
        "lines": [
          1,
          1,
          1,
          null
        ]
      },
      "/Users/mattenyeart/turing_work/2mod/practice/the_final_rose/app/controllers/outings_controller.rb": {
        "lines": [
          1,
          1,
          2,
          2,
          null,
          null
        ]
      }
    },
    "timestamp": 1676914052
  }
}
